This is XeTeX, Version 3.14159265-2.6-0.99992 (TeX Live 2015/Debian) (preloaded format=xelatex 2016.7.16)  3 OCT 2016 22:46
entering extended mode
 restricted \write18 enabled.
 %&-line parsing enabled.
**cv-sections/writing.tex
(./cv-sections/writing.tex
LaTeX2e <2016/02/01>
Babel <3.9q> and hyphenation patterns for 12 language(s) loaded.
! Undefined control sequence.
l.5 \cvsection
              {Writing}
? 
! Emergency stop.
l.5 \cvsection
              {Writing}
End of file on the terminal!

 
Here is how much of TeX's memory you used:
 5 strings out of 494829
 78 string characters out of 6178620
 47115 words of memory out of 5000000
 3390 multiletter control sequences out of 15000+600000
 3640 words of font info for 14 fonts, out of 8000000 for 9000
 684 hyphenation exceptions out of 8191
 5i,0n,1p,115b,8s stack positions out of 5000i,500n,10000p,200000b,80000s
No pages of output.
